\BOOKMARK [1][-]{section.1}{\376\377\133\236\232\214\124\015\171\360}{}% 1
\BOOKMARK [1][-]{section.2}{\376\377\133\236\232\214\145\271\154\325}{}% 2
\BOOKMARK [1][-]{section.3}{\376\377\133\236\232\214\145\271\154\325\123\312\116\352\126\150}{}% 3
\BOOKMARK [2][-]{subsection.3.1}{\376\377\201\352\165\061\204\075\117\123\154\325}{section.3}% 4
\BOOKMARK [2][-]{subsection.3.2}{\376\377\123\125\144\106\154\325}{section.3}% 5
\BOOKMARK [1][-]{section.4}{\376\377\133\236\232\214\123\237\164\006}{}% 6
\BOOKMARK [2][-]{subsection.4.1}{\376\377\201\352\165\061\204\075\117\123\154\325}{section.4}% 7
\BOOKMARK [2][-]{subsection.4.2}{\376\377\123\125\144\106\154\325}{section.4}% 8
\BOOKMARK [1][-]{section.5}{\376\377\133\236\232\214\213\276\213\241\377\010\230\204\116\140\377\011}{}% 9
\BOOKMARK [2][-]{subsection.5.1}{\376\377\201\352\165\061\204\075\117\123\154\325}{section.5}% 10
\BOOKMARK [2][-]{subsection.5.2}{\376\377\123\125\144\106\154\325}{section.5}% 11
\BOOKMARK [1][-]{section.6}{\376\377\145\160\143\156\131\004\164\006\116\016\122\006\147\220}{}% 12
\BOOKMARK [2][-]{subsection.6.1}{\376\377\201\352\165\061\204\075\117\123\154\325}{section.6}% 13
\BOOKMARK [3][-]{subsubsection.6.1.1}{\376\377\123\237\131\313\145\160\143\156}{subsection.6.1}% 14
\BOOKMARK [3][-]{subsubsection.6.1.2}{\376\377\145\160\143\156\131\004\164\006}{subsection.6.1}% 15
\BOOKMARK [2][-]{subsection.6.2}{\376\377\123\125\144\106\154\325}{section.6}% 16
\BOOKMARK [3][-]{subsubsection.6.2.1}{\376\377\123\237\131\313\145\160\143\156}{subsection.6.2}% 17
\BOOKMARK [3][-]{subsubsection.6.2.2}{\376\377\116\015\170\156\133\232\136\246\122\006\147\220}{subsection.6.2}% 18
\BOOKMARK [1][-]{section.7}{\376\377\122\006\147\220\116\016\213\250\213\272}{}% 19
\BOOKMARK [2][-]{subsection.7.1}{\376\377\040\034\201\352\165\061\204\075\117\123\154\325\155\113\221\315\122\233\122\240\220\037\136\246\040\035\133\236\232\214\166\204\133\232\140\047\213\357\135\356\122\006\147\220\116\016\145\071\217\333}{section.7}% 20
\BOOKMARK [2][-]{subsection.7.2}{\376\377\040\034\123\125\144\106\154\325\155\113\221\315\122\233\122\240\220\037\136\246\040\035\133\236\232\214\166\204\133\232\140\047\213\357\135\356\122\006\147\220\116\016\145\071\217\333}{section.7}% 21
\BOOKMARK [1][-]{section.8}{\376\377\140\035\200\003\230\230}{}% 22
\BOOKMARK [2][-]{subsection.8.1}{\376\377\201\352\165\061\204\075\117\123\154\325}{section.8}% 23
\BOOKMARK [2][-]{subsection.8.2}{\376\377\123\125\144\106\154\325}{section.8}% 24
