\BOOKMARK [1][-]{section.1}{\376\377\137\025\212\000}{}% 1
\BOOKMARK [1][-]{section.2}{\376\377\123\237\164\006\143\250\133\374}{}% 2
\BOOKMARK [2][-]{subsection.2.1}{\376\377\173\111\120\076\136\162\155\211\166\204\121\111\137\072\122\006\136\003\152\041\127\213}{section.2}% 3
\BOOKMARK [2][-]{subsection.2.2}{\376\377\123\330\221\317\116\343\143\142\116\016\117\341\123\367\176\277\140\047\123\026\000\040\000\050\000r\0002\000\040\000R\000e\000s\000a\000m\000p\000l\000i\000n\000g\000\051}{section.2}% 4
\BOOKMARK [2][-]{subsection.2.3}{\376\377\173\227\154\325\133\236\163\260\155\101\172\013}{section.2}% 5
\BOOKMARK [3][-]{subsubsection.2.3.1}{\376\377\145\164\145\160\176\247\127\372\121\306\377\032\121\111\137\072\231\161\124\214\145\366\225\177\213\241\145\160\154\325}{subsection.2.3}% 6
\BOOKMARK [3][-]{subsubsection.2.3.2}{\376\377\116\232\154\342\225\177\174\276\136\246\377\032\166\370\117\115\217\375\216\052\213\241\145\160\154\325}{subsection.2.3}% 7
\BOOKMARK [1][-]{section.3}{\376\377\133\236\232\214\174\373\176\337\116\016\217\157\116\366\147\266\147\204}{}% 8
\BOOKMARK [2][-]{subsection.3.1}{\376\377\170\154\116\366\147\266\147\204}{section.3}% 9
\BOOKMARK [2][-]{subsection.3.2}{\376\377\217\157\116\366\147\266\147\204}{section.3}% 10
\BOOKMARK [2][-]{subsection.3.3}{\376\377\226\306\142\020\143\247\122\066\123\360}{section.3}% 11
\BOOKMARK [1][-]{section.4}{\376\377\133\236\232\214\217\307\172\013}{}% 12
\BOOKMARK [2][-]{subsection.4.1}{\376\377\174\373\176\337\122\035\131\313\123\026\116\016\150\007\133\232}{section.4}% 13
\BOOKMARK [2][-]{subsection.4.2}{\376\377\126\336\172\013\213\357\135\356\210\145\120\177\000\040\000\050\000B\000a\000c\000k\000l\000a\000s\000h\000\040\000C\000o\000m\000p\000e\000n\000s\000a\000t\000i\000o\000n\000\051}{section.4}% 14
\BOOKMARK [2][-]{subsection.4.3}{\376\377\133\371\155\113\221\317\145\160\143\156\166\204\221\307\226\306}{section.4}% 15
\BOOKMARK [1][-]{section.5}{\376\377\145\160\143\156\131\004\164\006\116\016\116\015\170\156\133\232\136\246\213\304\133\232}{}% 16
\BOOKMARK [2][-]{subsection.5.1}{\376\377\176\277\140\047\126\336\137\122\152\041\127\213}{section.5}% 17
\BOOKMARK [2][-]{subsection.5.2}{\376\377\145\160\143\156\173\133\220\011\116\016\176\337\213\241}{section.5}% 18
\BOOKMARK [2][-]{subsection.5.3}{\376\377\116\015\170\156\133\232\136\246\122\006\147\220\000\040\000\050\000U\000n\000c\000e\000r\000t\000a\000i\000n\000t\000y\000\040\000A\000n\000a\000l\000y\000s\000i\000s\000\051}{section.5}% 19
\BOOKMARK [3][-]{subsubsection.5.3.1}{\376\377\000A\000\040\174\173\116\015\170\156\133\232\136\246\000\040\000\050\176\337\213\241\122\006\221\317\000\051}{subsection.5.3}% 20
\BOOKMARK [3][-]{subsubsection.5.3.2}{\376\377\000B\000\040\174\173\116\015\170\156\133\232\136\246\000\040\000\050\174\373\176\337\122\006\221\317\000\051}{subsection.5.3}% 21
\BOOKMARK [3][-]{subsubsection.5.3.3}{\376\377\124\010\142\020\116\015\170\156\133\232\136\246\116\016\176\323\147\234\210\150\217\276}{subsection.5.3}% 22
\BOOKMARK [1][-]{section.6}{\376\377\136\224\165\050\116\016\134\125\147\033}{}% 23
\BOOKMARK [2][-]{subsection.6.1}{\376\377\230\221\127\337\145\271\154\325\000\040\000\050\000F\000F\000T\000\051\000\040\166\204\116\232\147\141\176\271\117\030\123\026}{section.6}% 24
\BOOKMARK [2][-]{subsection.6.2}{\376\377\224\240\121\111\123\314\176\277\154\342\225\177\135\356\155\113\221\317}{section.6}% 25
\BOOKMARK [2][-]{subsection.6.3}{\376\377\147\072\126\150\146\172\200\375\217\205\122\251}{section.6}% 26
\BOOKMARK [1][-]{appendix.A}{\376\377\226\104\137\125\377\032\150\070\137\303\173\227\154\325\145\160\164\006\127\372\170\100\213\346\217\360}{}% 27
\BOOKMARK [2][-]{subsection.A.1}{\376\377\171\273\145\143\117\341\123\367\166\204\230\221\127\337\131\004\164\006\127\372\170\100}{appendix.A}% 28
\BOOKMARK [2][-]{subsection.A.2}{\376\377\116\232\120\317\175\040\134\360\120\074\117\060\213\241\166\204\121\340\117\125\157\024\123\330\143\250\133\374}{appendix.A}% 29
\BOOKMARK [3][-]{subsubsection.A.2.1}{\376\377\0001\000.\000\040\134\100\220\350\116\214\226\066\154\360\122\322\136\372\152\041}{subsection.A.2}% 30
\BOOKMARK [3][-]{subsubsection.A.2.2}{\376\377\0002\000.\000\040\145\271\172\013\176\304\211\343\147\220\213\241\173\227}{subsection.A.2}% 31
\BOOKMARK [2][-]{subsection.A.3}{\376\377\201\352\220\002\136\224\142\151\134\125\123\141\134\024\146\374\156\344\154\342\000\040\000\050\000A\000E\000K\000F\000\051\000\040\166\204\172\063\140\001\122\006\147\220}{appendix.A}% 32
\BOOKMARK [3][-]{subsubsection.A.3.1}{\376\377\0001\000.\000\040\162\266\140\001\220\022\137\122\121\163\174\373}{subsection.A.3}% 33
\BOOKMARK [3][-]{subsubsection.A.3.2}{\376\377\0002\000.\000\040\147\201\120\074\142\160\122\250\116\013\166\204\130\236\166\312\162\171\140\047}{subsection.A.3}% 34
